Sun Apr 28 16:41:44 IST 2019 : Apache Derby Network Server - 10.15.1.3 - (1853019) started and ready to accept connections on port 1527
----------------------------------------------------------------
Sun Apr 28 16:42:31 IST 2019:
Booting Derby version The Apache Software Foundation - Apache Derby - 10.15.1.3 - (1853019): instance a816c00e-016a-63a4-c5da-00006847cc3c 
on database directory C:\java\project\fyi\db\db\StudentModule with class loader jdk.internal.loader.ClassLoaders$AppClassLoader@6e5e91e4 
Loaded from file:/C:/java-derby/lib/derby.jar
java.vendor=Oracle Corporation
user.dir=C:\java\project\fyi\db
os.name=Windows 10
os.arch=amd64
os.version=10.0
derby.system.home=C:\java\project\fyi\db
Database Class Loader started - derby.database.classpath=''
----------------------------------------------------------------
Sun Apr 28 16:48:09 IST 2019:
Booting Derby version The Apache Software Foundation - Apache Derby - 10.15.1.3 - (1853019): instance a02ac013-016a-63a4-c5da-00006847cc3c 
on database directory C:\java\project\fyi\db\db\tmplacements with class loader jdk.internal.loader.ClassLoaders$AppClassLoader@6e5e91e4 
Loaded from file:/C:/java-derby/lib/derby.jar
java.vendor=Oracle Corporation
user.dir=C:\java\project\fyi\db
os.name=Windows 10
os.arch=amd64
os.version=10.0
derby.system.home=C:\java\project\fyi\db
Database Class Loader started - derby.database.classpath=''
